smp = 4
build_mode = release
log_level = info

CPU 0 started
Found physcial memory regions:
 .text (READ | EXECUTE | RESERVED)
 .rodata (READ | RESERVED)
 .data .tdata .tbss .percpu (READ | WRITE | RESERVED)
 .percpu (READ | WRITE | RESERVED)
 boot stack (READ | WRITE | RESERVED)
 .bss (READ | WRITE | RESERVED)
 free memory (READ | WRITE | FREE)
Initialize global memory allocator...
Initialize kernel page table...
Initialize platform devices...
Initialize scheduling...
max_keys = 1024, got No.0
destr_func, *arg = 0x1234
destr_func, *arg = 0x5678
TSD test success
(C)Pthread TSD tests run OK!
Shutting down...
